
Showing logs for build [32mcb-kubecd-environment-pr-208-74-h2nht-1[0m stage [32mfrom-build-pack[0m and container [32mstep-credential-initializer-nphwp[0m
{"level":"info","ts":1587746762.9416509,"logger":"fallback-logger","caller":"logging/config.go:69","msg":"Fetch GitHub commit ID from kodata failed: open /var/run/ko/refs/heads/0.8.0-ns-support: no such file or directory"}
{"level":"info","ts":1587746762.9466863,"logger":"fallback-logger","caller":"creds-init/main.go:40","msg":"Credentials initialized."}

Showing logs for build [32mcb-kubecd-environment-pr-208-74-h2nht-1[0m stage [32mfrom-build-pack[0m and container [32mstep-working-dir-initializer-28jh6[0m
{"level":"info","ts":1587746763.6289048,"logger":"fallback-logger","caller":"logging/config.go:69","msg":"Fetch GitHub commit ID from kodata failed: open /var/run/ko/HEAD: no such file or directory"}
{"level":"info","ts":1587746763.6319938,"logger":"fallback-logger","caller":"bash/main.go:64","msg":"Successfully executed command \"sh -c mkdir -p /workspace/source\"; output "}

Showing logs for build [32mcb-kubecd-environment-pr-208-74-h2nht-1[0m stage [32mfrom-build-pack[0m and container [32mstep-place-tools[0m

Showing logs for build [32mcb-kubecd-environment-pr-208-74-h2nht-1[0m stage [32mfrom-build-pack[0m and container [32mstep-git-source-cb-kubecd-environment-pr-208-74-h2nht-k65v4[0m
{"level":"info","ts":1587746769.7192655,"logger":"fallback-logger","caller":"logging/config.go:69","msg":"Fetch GitHub commit ID from kodata failed: open /var/run/ko/refs/heads/0.8.0-ns-support: no such file or directory"}
{"level":"info","ts":1587746770.7854528,"logger":"fallback-logger","caller":"git/git.go:103","msg":"Successfully cloned https://github.com/cb-kubecd/environment-pr-208-74-boot-gke-staging.git @ master in path /workspace/source"}

Showing logs for build [32mcb-kubecd-environment-pr-208-74-h2nht-1[0m stage [32mfrom-build-pack[0m and container [32mstep-git-merge[0m
Using SHAs from PULL_REFS=master:4ad297837502afffa9d397a9e4349c0a89b3bc23,2:66ef360a4dc52747fa3d2c7b795e125f498d5ebf
DEBUG: LC_ALL=C JX_LOG_LEVEL=error git fetch origin --unshallow 66ef360a4dc52747fa3d2c7b795e125f498d5ebf: 4ad297837502afffa9d397a9e4349c0a89b3bc23:
DEBUG: ran git fetch --unshallow origin 66ef360a4dc52747fa3d2c7b795e125f498d5ebf: 4ad297837502afffa9d397a9e4349c0a89b3bc23: in 
DEBUG: LC_ALL=C JX_LOG_LEVEL=error git branch
DEBUG: LC_ALL=C JX_LOG_LEVEL=error git checkout master
DEBUG: ran git checkout master in 
DEBUG: LC_ALL=C JX_LOG_LEVEL=error git reset --hard 4ad297837502afffa9d397a9e4349c0a89b3bc23
DEBUG: ran git reset --hard 4ad297837502afffa9d397a9e4349c0a89b3bc23 in 
DEBUG: LC_ALL=C JX_LOG_LEVEL=error git clean -fd .
DEBUG: ran clean --force -d . in 
DEBUG: LC_ALL=C JX_LOG_LEVEL=error git merge 66ef360a4dc52747fa3d2c7b795e125f498d5ebf
DEBUG: ran git merge 66ef360a4dc52747fa3d2c7b795e125f498d5ebf in 
DEBUG: LC_ALL=C JX_LOG_LEVEL=error git log --format=%H%x1f%an%x1f%ae%x1f%cn%x1f%ce%x1f%s%n%b%x1e 4ad297837502afffa9d397a9e4349c0a89b3bc23..HEAD
Merged SHA 66ef360a4dc52747fa3d2c7b795e125f498d5ebf with commit message 'chore: Promote bdd-sbhg-1587746368 to version 0.0.1' into base branch master

Showing logs for build [32mcb-kubecd-environment-pr-208-74-h2nht-1[0m stage [32mfrom-build-pack[0m and container [32mstep-build-helm-build[0m
WARNING: No $CHART_REPOSITORY defined so using the default value of: http://jenkins-x-chartmuseum:8080
Adding missing Helm repo: storage.googleapis.com https://storage.googleapis.com/chartmuseum.jenkins-x.io
WARNING: No secrets found on "helm/repos" due: reading the secret "helm/repos" from vault: no secret "helm/repos" not found in vault
Read credentials for https://storage.googleapis.com/chartmuseum.jenkins-x.io from vault helm/repos
Successfully added Helm repository storage.googleapis.com.
Adding missing Helm repo: jenkins-x-chartmuseum http://jenkins-x-chartmuseum:8080
WARNING: No secrets found on "helm/repos" due: reading the secret "helm/repos" from vault: no secret "helm/repos" not found in vault
Read credentials for http://jenkins-x-chartmuseum:8080 from vault helm/repos
Successfully added Helm repository jenkins-x-chartmuseum.
WARNING: No $CHART_REPOSITORY defined so using the default value of: http://jenkins-x-chartmuseum:8080
Adding missing Helm repo: chartmuseum.jenkins-x.io http://chartmuseum.jenkins-x.io
WARNING: No secrets found on "helm/repos" due: reading the secret "helm/repos" from vault: no secret "helm/repos" not found in vault
Read credentials for http://chartmuseum.jenkins-x.io from vault helm/repos
Successfully added Helm repository chartmuseum.jenkins-x.io.
